{"sessionId": "59c6ac", "runId": "startup", "hypothesisId": "H1", "location": "app.py:bootstrap", "message": "interpreter_startup", "data": {"exe": "/home/dakos/CODE/1/bin/python3"}, "timestamp": 1778916231290}
{"sessionId": "59c6ac", "runId": "startup", "hypothesisId": "H4", "location": "app.py:bootstrap", "message": "python_env_paths", "data": {"exe": "/home/dakos/CODE/1/bin/python3", "prefix": "/home/dakos/CODE/1", "base_prefix": "/usr", "virtual_env": "/home/dakos/CODE/1"}, "timestamp": 1778916231290}
{"sessionId": "59c6ac", "runId": "startup", "hypothesisId": "H2", "location": "app.py:bootstrap", "message": "flask_cors_import_ok", "data": {}, "timestamp": 1778916231380}
{"sessionId": "59c6ac", "runId": "startup", "hypothesisId": "H3", "location": "app.py:bootstrap", "message": "secret_key_check", "data": {"present": true}, "timestamp": 1778916231609}
{"sessionId": "59c6ac", "runId": "startup", "hypothesisId": "H5", "location": "app.py:bootstrap", "message": "routes_blueprints_import_ok", "data": {}, "timestamp": 1778916231691}
{"sessionId": "59c6ac", "runId": "startup", "hypothesisId": "H1", "location": "app.py:bootstrap", "message": "interpreter_startup", "data": {"exe": "/home/dakos/CODE/1/bin/python3"}, "timestamp": 1778916371343}
{"sessionId": "59c6ac", "runId": "startup", "hypothesisId": "H4", "location": "app.py:bootstrap", "message": "python_env_paths", "data": {"exe": "/home/dakos/CODE/1/bin/python3", "prefix": "/home/dakos/CODE/1", "base_prefix": "/usr", "virtual_env": "/home/dakos/CODE/1"}, "timestamp": 1778916371343}
{"sessionId": "59c6ac", "runId": "startup", "hypothesisId": "H2", "location": "app.py:bootstrap", "message": "flask_cors_import_ok", "data": {}, "timestamp": 1778916371438}
{"sessionId": "59c6ac", "runId": "startup", "hypothesisId": "H3", "location": "app.py:bootstrap", "message": "secret_key_check", "data": {"present": true}, "timestamp": 1778916371647}
{"sessionId": "59c6ac", "runId": "startup", "hypothesisId": "H5", "location": "app.py:bootstrap", "message": "routes_blueprints_import_ok", "data": {}, "timestamp": 1778916371722}
{"sessionId": "59c6ac", "runId": "startup", "hypothesisId": "H1", "location": "app.py:bootstrap", "message": "interpreter_startup", "data": {"exe": "/home/dakos/CODE/1/bin/python3"}, "timestamp": 1778916533762}
{"sessionId": "59c6ac", "runId": "startup", "hypothesisId": "H4", "location": "app.py:bootstrap", "message": "python_env_paths", "data": {"exe": "/home/dakos/CODE/1/bin/python3", "prefix": "/home/dakos/CODE/1", "base_prefix": "/usr", "virtual_env": "/home/dakos/CODE/1"}, "timestamp": 1778916533762}
{"sessionId": "59c6ac", "runId": "startup", "hypothesisId": "H2", "location": "app.py:bootstrap", "message": "flask_cors_import_ok", "data": {}, "timestamp": 1778916533855}
{"sessionId": "59c6ac", "runId": "startup", "hypothesisId": "H3", "location": "app.py:bootstrap", "message": "secret_key_check", "data": {"present": true}, "timestamp": 1778916534061}
{"sessionId": "59c6ac", "runId": "startup", "hypothesisId": "H5", "location": "app.py:bootstrap", "message": "routes_blueprints_import_ok", "data": {}, "timestamp": 1778916534138}
{"sessionId": "59c6ac", "runId": "startup", "hypothesisId": "H1", "location": "app.py:bootstrap", "message": "interpreter_startup", "data": {"exe": "/usr/bin/python3"}, "timestamp": 1778916587789}
{"sessionId": "59c6ac", "runId": "startup", "hypothesisId": "H4", "location": "app.py:bootstrap", "message": "python_env_paths", "data": {"exe": "/usr/bin/python3", "prefix": "/usr", "base_prefix": "/usr", "virtual_env": null}, "timestamp": 1778916587789}
{"sessionId": "59c6ac", "runId": "startup", "hypothesisId": "H2", "location": "app.py:bootstrap", "message": "flask_cors_import_ok", "data": {}, "timestamp": 1778916587876}
{"sessionId": "59c6ac", "runId": "startup", "hypothesisId": "H1", "location": "app.py:bootstrap", "message": "interpreter_startup", "data": {"exe": "/home/dakos/CODE/1/bin/python"}, "timestamp": 1778916593389}
{"sessionId": "59c6ac", "runId": "startup", "hypothesisId": "H4", "location": "app.py:bootstrap", "message": "python_env_paths", "data": {"exe": "/home/dakos/CODE/1/bin/python", "prefix": "/home/dakos/CODE/1", "base_prefix": "/usr", "virtual_env": "/home/dakos/CODE/1"}, "timestamp": 1778916593389}
{"sessionId": "59c6ac", "runId": "startup", "hypothesisId": "H2", "location": "app.py:bootstrap", "message": "flask_cors_import_ok", "data": {}, "timestamp": 1778916593475}
{"sessionId": "59c6ac", "runId": "startup", "hypothesisId": "H3", "location": "app.py:bootstrap", "message": "secret_key_check", "data": {"present": true}, "timestamp": 1778916593659}
{"sessionId": "59c6ac", "runId": "startup", "hypothesisId": "H5", "location": "app.py:bootstrap", "message": "routes_blueprints_import_ok", "data": {}, "timestamp": 1778916593739}
{"sessionId": "59c6ac", "runId": "startup", "hypothesisId": "H1", "location": "app.py:bootstrap", "message": "interpreter_startup", "data": {"exe": "/home/dakos/CODE/1/bin/python"}, "timestamp": 1778916599849}
{"sessionId": "59c6ac", "runId": "startup", "hypothesisId": "H4", "location": "app.py:bootstrap", "message": "python_env_paths", "data": {"exe": "/home/dakos/CODE/1/bin/python", "prefix": "/home/dakos/CODE/1", "base_prefix": "/usr", "virtual_env": "/home/dakos/CODE/1"}, "timestamp": 1778916599849}
{"sessionId": "59c6ac", "runId": "startup", "hypothesisId": "H2", "location": "app.py:bootstrap", "message": "flask_cors_import_ok", "data": {}, "timestamp": 1778916599944}
{"sessionId": "59c6ac", "runId": "startup", "hypothesisId": "H3", "location": "app.py:bootstrap", "message": "secret_key_check", "data": {"present": true}, "timestamp": 1778916600132}
{"sessionId": "59c6ac", "runId": "startup", "hypothesisId": "H5", "location": "app.py:bootstrap", "message": "routes_blueprints_import_ok", "data": {}, "timestamp": 1778916600213}
{"sessionId": "59c6ac", "runId": "startup", "hypothesisId": "H1", "location": "app.py:bootstrap", "message": "interpreter_startup", "data": {"exe": "/home/dakos/CODE/1/bin/python"}, "timestamp": 1778916688341}
{"sessionId": "59c6ac", "runId": "startup", "hypothesisId": "H4", "location": "app.py:bootstrap", "message": "python_env_paths", "data": {"exe": "/home/dakos/CODE/1/bin/python", "prefix": "/home/dakos/CODE/1", "base_prefix": "/usr", "virtual_env": "/home/dakos/CODE/1"}, "timestamp": 1778916688341}
{"sessionId": "59c6ac", "runId": "startup", "hypothesisId": "H2", "location": "app.py:bootstrap", "message": "flask_cors_import_ok", "data": {}, "timestamp": 1778916688341}
{"sessionId": "59c6ac", "runId": "startup", "hypothesisId": "H3", "location": "app.py:bootstrap", "message": "secret_key_check", "data": {"present": true}, "timestamp": 1778916688342}
{"sessionId": "59c6ac", "runId": "startup", "hypothesisId": "H5", "location": "app.py:bootstrap", "message": "routes_blueprints_import_ok", "data": {}, "timestamp": 1778916688344}
{"sessionId": "59c6ac", "runId": "startup", "hypothesisId": "H1", "location": "app.py:bootstrap", "message": "interpreter_startup", "data": {"exe": "/home/dakos/CODE/1/bin/python3"}, "timestamp": 1778916823799}
{"sessionId": "59c6ac", "runId": "startup", "hypothesisId": "H4", "location": "app.py:bootstrap", "message": "python_env_paths", "data": {"exe": "/home/dakos/CODE/1/bin/python3", "prefix": "/home/dakos/CODE/1", "base_prefix": "/usr", "virtual_env": "/home/dakos/CODE/1"}, "timestamp": 1778916823799}
{"sessionId": "59c6ac", "runId": "startup", "hypothesisId": "H2", "location": "app.py:bootstrap", "message": "flask_cors_import_ok", "data": {}, "timestamp": 1778916823883}
{"sessionId": "59c6ac", "runId": "startup", "hypothesisId": "H3", "location": "app.py:bootstrap", "message": "secret_key_check", "data": {"present": true}, "timestamp": 1778916824100}
{"sessionId": "59c6ac", "runId": "startup", "hypothesisId": "H5", "location": "app.py:bootstrap", "message": "routes_blueprints_import_ok", "data": {}, "timestamp": 1778916824178}
{"sessionId": "59c6ac", "runId": "startup", "hypothesisId": "H1", "location": "app.py:bootstrap", "message": "interpreter_startup", "data": {"exe": "/home/dakos/CODE/1/bin/python3"}, "timestamp": 1778916986628}
{"sessionId": "59c6ac", "runId": "startup", "hypothesisId": "H4", "location": "app.py:bootstrap", "message": "python_env_paths", "data": {"exe": "/home/dakos/CODE/1/bin/python3", "prefix": "/home/dakos/CODE/1", "base_prefix": "/usr", "virtual_env": "/home/dakos/CODE/1"}, "timestamp": 1778916986628}
{"sessionId": "59c6ac", "runId": "startup", "hypothesisId": "H2", "location": "app.py:bootstrap", "message": "flask_cors_import_ok", "data": {}, "timestamp": 1778916986709}
{"sessionId": "59c6ac", "runId": "startup", "hypothesisId": "H3", "location": "app.py:bootstrap", "message": "secret_key_check", "data": {"present": true}, "timestamp": 1778916986920}
{"sessionId": "59c6ac", "runId": "startup", "hypothesisId": "H5", "location": "app.py:bootstrap", "message": "routes_blueprints_import_ok", "data": {}, "timestamp": 1778916986997}
{"sessionId": "59c6ac", "runId": "startup", "hypothesisId": "H1", "location": "app.py:bootstrap", "message": "interpreter_startup", "data": {"exe": "/home/dakos/CODE/1/bin/python"}, "timestamp": 1778917704882}
{"sessionId": "59c6ac", "runId": "startup", "hypothesisId": "H4", "location": "app.py:bootstrap", "message": "python_env_paths", "data": {"exe": "/home/dakos/CODE/1/bin/python", "prefix": "/home/dakos/CODE/1", "base_prefix": "/usr", "virtual_env": "/home/dakos/CODE/1"}, "timestamp": 1778917704882}
{"sessionId": "59c6ac", "runId": "startup", "hypothesisId": "H3", "location": "app.py:bootstrap", "message": "secret_key_check", "data": {"present": true}, "timestamp": 1778917704883}
{"sessionId": "59c6ac", "runId": "startup", "hypothesisId": "H6", "location": "app.py:bootstrap", "message": "scheduler_started", "data": {}, "timestamp": 1778917704958}
{"sessionId": "59c6ac", "runId": "startup", "hypothesisId": "H5", "location": "app.py:bootstrap", "message": "routes_blueprints_import_ok", "data": {}, "timestamp": 1778917704971}
{"sessionId": "59c6ac", "runId": "startup", "hypothesisId": "H1", "location": "app.py:bootstrap", "message": "interpreter_startup", "data": {"exe": "/home/dakos/CODE/1/bin/python3"}, "timestamp": 1778917935940}
{"sessionId": "59c6ac", "runId": "startup", "hypothesisId": "H4", "location": "app.py:bootstrap", "message": "python_env_paths", "data": {"exe": "/home/dakos/CODE/1/bin/python3", "prefix": "/home/dakos/CODE/1", "base_prefix": "/usr", "virtual_env": "/home/dakos/CODE/1"}, "timestamp": 1778917935940}
{"sessionId": "59c6ac", "runId": "startup", "hypothesisId": "H3", "location": "app.py:bootstrap", "message": "secret_key_check", "data": {"present": true}, "timestamp": 1778917935942}
{"sessionId": "59c6ac", "runId": "startup", "hypothesisId": "H6", "location": "app.py:bootstrap", "message": "scheduler_started", "data": {}, "timestamp": 1778917936014}
{"sessionId": "59c6ac", "runId": "startup", "hypothesisId": "H5", "location": "app.py:bootstrap", "message": "routes_blueprints_import_ok", "data": {}, "timestamp": 1778917936024}
{"sessionId": "59c6ac", "runId": "startup", "hypothesisId": "H1", "location": "app.py:bootstrap", "message": "interpreter_startup", "data": {"exe": "/home/dakos/CODE/1/bin/python3"}, "timestamp": 1778917950188}
{"sessionId": "59c6ac", "runId": "startup", "hypothesisId": "H4", "location": "app.py:bootstrap", "message": "python_env_paths", "data": {"exe": "/home/dakos/CODE/1/bin/python3", "prefix": "/home/dakos/CODE/1", "base_prefix": "/usr", "virtual_env": "/home/dakos/CODE/1"}, "timestamp": 1778917950188}
{"sessionId": "59c6ac", "runId": "startup", "hypothesisId": "H3", "location": "app.py:bootstrap", "message": "secret_key_check", "data": {"present": true}, "timestamp": 1778917950189}
{"sessionId": "59c6ac", "runId": "startup", "hypothesisId": "H6", "location": "app.py:bootstrap", "message": "scheduler_started", "data": {}, "timestamp": 1778917950260}
{"sessionId": "59c6ac", "runId": "startup", "hypothesisId": "H5", "location": "app.py:bootstrap", "message": "routes_blueprints_import_ok", "data": {}, "timestamp": 1778917950270}
{"sessionId": "59c6ac", "runId": "startup", "hypothesisId": "H1", "location": "app.py:bootstrap", "message": "interpreter_startup", "data": {"exe": "/home/dakos/CODE/1/bin/python3"}, "timestamp": 1778917956576}
{"sessionId": "59c6ac", "runId": "startup", "hypothesisId": "H4", "location": "app.py:bootstrap", "message": "python_env_paths", "data": {"exe": "/home/dakos/CODE/1/bin/python3", "prefix": "/home/dakos/CODE/1", "base_prefix": "/usr", "virtual_env": null}, "timestamp": 1778917956576}
{"sessionId": "59c6ac", "runId": "startup", "hypothesisId": "H3", "location": "app.py:bootstrap", "message": "secret_key_check", "data": {"present": true}, "timestamp": 1778917956577}
{"sessionId": "59c6ac", "runId": "startup", "hypothesisId": "H6", "location": "app.py:bootstrap", "message": "scheduler_started", "data": {}, "timestamp": 1778917956649}
{"sessionId": "59c6ac", "runId": "startup", "hypothesisId": "H5", "location": "app.py:bootstrap", "message": "routes_blueprints_import_ok", "data": {}, "timestamp": 1778917956659}
{"sessionId": "59c6ac", "runId": "startup", "hypothesisId": "H1", "location": "app.py:bootstrap", "message": "interpreter_startup", "data": {"exe": "/home/dakos/CODE/1/bin/python3"}, "timestamp": 1778917992560}
{"sessionId": "59c6ac", "runId": "startup", "hypothesisId": "H4", "location": "app.py:bootstrap", "message": "python_env_paths", "data": {"exe": "/home/dakos/CODE/1/bin/python3", "prefix": "/home/dakos/CODE/1", "base_prefix": "/usr", "virtual_env": "/home/dakos/CODE/1"}, "timestamp": 1778917992560}
{"sessionId": "59c6ac", "runId": "startup", "hypothesisId": "H3", "location": "app.py:bootstrap", "message": "secret_key_check", "data": {"present": true}, "timestamp": 1778917992562}
{"sessionId": "59c6ac", "runId": "startup", "hypothesisId": "H6", "location": "app.py:bootstrap", "message": "scheduler_started", "data": {}, "timestamp": 1778917992633}
{"sessionId": "59c6ac", "runId": "startup", "hypothesisId": "H5", "location": "app.py:bootstrap", "message": "routes_blueprints_import_ok", "data": {}, "timestamp": 1778917992642}
{"sessionId": "59c6ac", "runId": "startup", "hypothesisId": "H1", "location": "app.py:bootstrap", "message": "interpreter_startup", "data": {"exe": "/home/dakos/CODE/1/bin/python3"}, "timestamp": 1778918065384}
{"sessionId": "59c6ac", "runId": "startup", "hypothesisId": "H4", "location": "app.py:bootstrap", "message": "python_env_paths", "data": {"exe": "/home/dakos/CODE/1/bin/python3", "prefix": "/home/dakos/CODE/1", "base_prefix": "/usr", "virtual_env": "/home/dakos/CODE/1"}, "timestamp": 1778918065384}
{"sessionId": "59c6ac", "runId": "startup", "hypothesisId": "H3", "location": "app.py:bootstrap", "message": "secret_key_check", "data": {"present": true}, "timestamp": 1778918065385}
{"sessionId": "59c6ac", "runId": "startup", "hypothesisId": "H6", "location": "app.py:bootstrap", "message": "scheduler_started", "data": {}, "timestamp": 1778918065455}
{"sessionId": "59c6ac", "runId": "startup", "hypothesisId": "H5", "location": "app.py:bootstrap", "message": "routes_blueprints_import_ok", "data": {}, "timestamp": 1778918065465}
{"sessionId": "59c6ac", "runId": "startup", "hypothesisId": "H1", "location": "app.py:bootstrap", "message": "interpreter_startup", "data": {"exe": "/home/dakos/CODE/1/bin/python3"}, "timestamp": 1778918071659}
{"sessionId": "59c6ac", "runId": "startup", "hypothesisId": "H4", "location": "app.py:bootstrap", "message": "python_env_paths", "data": {"exe": "/home/dakos/CODE/1/bin/python3", "prefix": "/home/dakos/CODE/1", "base_prefix": "/usr", "virtual_env": null}, "timestamp": 1778918071659}
{"sessionId": "59c6ac", "runId": "startup", "hypothesisId": "H3", "location": "app.py:bootstrap", "message": "secret_key_check", "data": {"present": true}, "timestamp": 1778918071662}
{"sessionId": "59c6ac", "runId": "startup", "hypothesisId": "H6", "location": "app.py:bootstrap", "message": "scheduler_started", "data": {}, "timestamp": 1778918071736}
{"sessionId": "59c6ac", "runId": "startup", "hypothesisId": "H5", "location": "app.py:bootstrap", "message": "routes_blueprints_import_ok", "data": {}, "timestamp": 1778918071746}
{"sessionId": "59c6ac", "runId": "startup", "hypothesisId": "H1", "location": "app.py:bootstrap", "message": "interpreter_startup", "data": {"exe": "/home/dakos/CODE/1/bin/python3"}, "timestamp": 1778918118337}
{"sessionId": "59c6ac", "runId": "startup", "hypothesisId": "H4", "location": "app.py:bootstrap", "message": "python_env_paths", "data": {"exe": "/home/dakos/CODE/1/bin/python3", "prefix": "/home/dakos/CODE/1", "base_prefix": "/usr", "virtual_env": null}, "timestamp": 1778918118337}
{"sessionId": "59c6ac", "runId": "startup", "hypothesisId": "H3", "location": "app.py:bootstrap", "message": "secret_key_check", "data": {"present": true}, "timestamp": 1778918118345}
{"sessionId": "59c6ac", "runId": "startup", "hypothesisId": "H6", "location": "app.py:bootstrap", "message": "scheduler_started", "data": {}, "timestamp": 1778918118354}
{"sessionId": "59c6ac", "runId": "startup", "hypothesisId": "H5", "location": "app.py:bootstrap", "message": "routes_blueprints_import_ok", "data": {}, "timestamp": 1778918118355}
{"sessionId": "59c6ac", "runId": "startup", "hypothesisId": "H1", "location": "app.py:bootstrap", "message": "interpreter_startup", "data": {"exe": "/home/dakos/CODE/1/bin/python3"}, "timestamp": 1778918500402}
{"sessionId": "59c6ac", "runId": "startup", "hypothesisId": "H4", "location": "app.py:bootstrap", "message": "python_env_paths", "data": {"exe": "/home/dakos/CODE/1/bin/python3", "prefix": "/home/dakos/CODE/1", "base_prefix": "/usr", "virtual_env": "/home/dakos/CODE/1"}, "timestamp": 1778918500402}
{"sessionId": "59c6ac", "runId": "startup", "hypothesisId": "H3", "location": "app.py:bootstrap", "message": "secret_key_check", "data": {"present": true}, "timestamp": 1778918500404}
{"sessionId": "59c6ac", "runId": "startup", "hypothesisId": "H6", "location": "app.py:bootstrap", "message": "scheduler_started", "data": {}, "timestamp": 1778918500495}
{"sessionId": "59c6ac", "runId": "startup", "hypothesisId": "H5", "location": "app.py:bootstrap", "message": "routes_blueprints_import_ok", "data": {}, "timestamp": 1778918500505}
{"sessionId": "59c6ac", "runId": "startup", "hypothesisId": "H1", "location": "app.py:bootstrap", "message": "interpreter_startup", "data": {"exe": "/home/dakos/CODE/1/bin/python3"}, "timestamp": 1778918506979}
{"sessionId": "59c6ac", "runId": "startup", "hypothesisId": "H4", "location": "app.py:bootstrap", "message": "python_env_paths", "data": {"exe": "/home/dakos/CODE/1/bin/python3", "prefix": "/home/dakos/CODE/1", "base_prefix": "/usr", "virtual_env": "/home/dakos/CODE/1"}, "timestamp": 1778918506979}
{"sessionId": "59c6ac", "runId": "startup", "hypothesisId": "H3", "location": "app.py:bootstrap", "message": "secret_key_check", "data": {"present": true}, "timestamp": 1778918506981}
{"sessionId": "59c6ac", "runId": "startup", "hypothesisId": "H6", "location": "app.py:bootstrap", "message": "scheduler_started", "data": {}, "timestamp": 1778918507051}
{"sessionId": "59c6ac", "runId": "startup", "hypothesisId": "H5", "location": "app.py:bootstrap", "message": "routes_blueprints_import_ok", "data": {}, "timestamp": 1778918507061}
{"sessionId": "59c6ac", "runId": "startup", "hypothesisId": "H1", "location": "app.py:bootstrap", "message": "interpreter_startup", "data": {"exe": "/home/dakos/CODE/1/bin/python3"}, "timestamp": 1778918512731}
{"sessionId": "59c6ac", "runId": "startup", "hypothesisId": "H4", "location": "app.py:bootstrap", "message": "python_env_paths", "data": {"exe": "/home/dakos/CODE/1/bin/python3", "prefix": "/home/dakos/CODE/1", "base_prefix": "/usr", "virtual_env": "/home/dakos/CODE/1"}, "timestamp": 1778918512731}
{"sessionId": "59c6ac", "runId": "startup", "hypothesisId": "H3", "location": "app.py:bootstrap", "message": "secret_key_check", "data": {"present": true}, "timestamp": 1778918512733}
{"sessionId": "59c6ac", "runId": "startup", "hypothesisId": "H6", "location": "app.py:bootstrap", "message": "scheduler_started", "data": {}, "timestamp": 1778918512806}
{"sessionId": "59c6ac", "runId": "startup", "hypothesisId": "H5", "location": "app.py:bootstrap", "message": "routes_blueprints_import_ok", "data": {}, "timestamp": 1778918512816}
{"sessionId": "59c6ac", "runId": "startup", "hypothesisId": "H1", "location": "app.py:bootstrap", "message": "interpreter_startup", "data": {"exe": "/home/dakos/CODE/1/bin/python3"}, "timestamp": 1778918518896}
{"sessionId": "59c6ac", "runId": "startup", "hypothesisId": "H4", "location": "app.py:bootstrap", "message": "python_env_paths", "data": {"exe": "/home/dakos/CODE/1/bin/python3", "prefix": "/home/dakos/CODE/1", "base_prefix": "/usr", "virtual_env": "/home/dakos/CODE/1"}, "timestamp": 1778918518896}
{"sessionId": "59c6ac", "runId": "startup", "hypothesisId": "H3", "location": "app.py:bootstrap", "message": "secret_key_check", "data": {"present": true}, "timestamp": 1778918518897}
{"sessionId": "59c6ac", "runId": "startup", "hypothesisId": "H6", "location": "app.py:bootstrap", "message": "scheduler_started", "data": {}, "timestamp": 1778918518968}
{"sessionId": "59c6ac", "runId": "startup", "hypothesisId": "H5", "location": "app.py:bootstrap", "message": "routes_blueprints_import_ok", "data": {}, "timestamp": 1778918518978}
{"sessionId": "59c6ac", "runId": "startup", "hypothesisId": "H1", "location": "app.py:bootstrap", "message": "interpreter_startup", "data": {"exe": "/home/dakos/CODE/1/.venv/bin/python3"}, "timestamp": 1779036386618}
{"sessionId": "59c6ac", "runId": "startup", "hypothesisId": "H4", "location": "app.py:bootstrap", "message": "python_env_paths", "data": {"exe": "/home/dakos/CODE/1/.venv/bin/python3", "prefix": "/home/dakos/CODE/1/.venv", "base_prefix": "/usr", "virtual_env": "/home/dakos/CODE/1/.venv"}, "timestamp": 1779036386618}
{"sessionId": "59c6ac", "runId": "startup", "hypothesisId": "H3", "location": "app.py:bootstrap", "message": "secret_key_check", "data": {"present": true}, "timestamp": 1779036386619}
{"sessionId": "59c6ac", "runId": "startup", "hypothesisId": "H6", "location": "app.py:bootstrap", "message": "scheduler_started", "data": {}, "timestamp": 1779036387016}
{"sessionId": "59c6ac", "runId": "startup", "hypothesisId": "H5", "location": "app.py:bootstrap", "message": "routes_blueprints_import_ok", "data": {}, "timestamp": 1779036387046}
